<?xml version="1.0" encoding="UTF-8"?>
<!-- Generated by org.testng.reporters.JUnitReportReporter -->
<testsuite hostname="TXCHD-LAP-299" failures="0" tests="1" name="JavaPrograms.DuplicateCharacters" time="0.008" errors="0" timestamp="2024-09-22T17:47:19 IST" skipped="0">
  <testcase classname="JavaPrograms.DuplicateCharacters" name="print" time="0.008"/>
</testsuite> <!-- JavaPrograms.DuplicateCharacters -->
